<?xml version="1.0" encoding="UTF-8"?>
<testsuite xmlns:xsi="http://www.w3.org/2001/XMLSchema-instance" xsi:noNamespaceSchemaLocation="https://maven.apache.org/surefire/maven-surefire-plugin/xsd/surefire-test-report-3.0.xsd" version="3.0" name="com.restassured.sample.tests.SecondTest" time="20.121" tests="7" errors="0" skipped="0" failures="0">
  <properties>
[...]
</properties>
  <testcase name="shouldRetrieveEmployeeDetailsForEmployeeIdsInFile{String}[1]" classname="com.restassured.sample.tests.SecondTest" time="1.185"/>
  <testcase name="shouldRetrieveEmployeeDetailsForEmployeeIdsInFile{String}[2]" classname="com.restassured.sample.tests.SecondTest" time="2.638"/>
  <testcase name="shouldRetrieveEmployeeDetailsForEmployeeIdsInFile{String}[4]" classname="com.restassured.sample.tests.SecondTest" time="0.759"/>
  <testcase name="shouldRetrieveEmployeeDetailsForEmployeeIdsInFile{String}[5]" classname="com.restassured.sample.tests.SecondTest" time="0.747"/>
  <testcase name="shouldRetrieveEmployeeDetailsForEmployeeIdsInFile{String}[6]" classname="com.restassured.sample.tests.SecondTest" time="0.74"/>
  <testcase name="shouldRetrieveEmployeeDetailsForEmployeeIdsInFile{String}[7]" classname="com.restassured.sample.tests.SecondTest" time="0.815"/>
  <testcase name="shouldRetrieveEmployeeDetailsForEmployeeIdsInFile{String}[9]" classname="com.restassured.sample.tests.SecondTest" time="0.779"/>
</testsuite>